<?xml version="1.0" ?>
<coverage branch-rate="0" complexity="0" line-rate="0.5" timestamp="1710000000000" version="7.4.3">
	<sources>
		<source>e:/JamesProjects/diff_cover_ts/diff_cover_ts</source>
	</sources>
	<packages>
		<package branch-rate="0" complexity="0" line-rate="0.5" name=".">
			<classes>
				<class branch-rate="0" complexity="0" filename="subdir/subfile.ts" line-rate="0.5" name="subdir.subfile.ts">
					<methods/>
					<lines>
						<line hits="1" number="1"/>
						<line hits="0" number="2"/>
					</lines>
				</class>
			</classes>
		</package>
	</packages>
</coverage>
